<?xml version="1.0" encoding="UTF-8" ?>
<testsuite tests="2" failures="0" name="org.insset.client.GwtTestcalculatorInsset" time="23.527" errors="0" skipped="0">
  <properties>
    <property name="java.runtime.name" value="Java(TM) SE Runtime Environment"/>
    <property name="sun.boot.library.path" value="/usr/local/java/jdk1.8.0_271/jre/lib/amd64"/>
    <property name="java.vm.version" value="25.271-b09"/>
    <property name="org.w3c.css.sac.parser" value="com.steadystate.css.parser.SACParserCSS3"/>
    <property name="java.vm.vendor" value="Oracle Corporation"/>
    <property name="java.vendor.url" value="http://java.oracle.com/"/>
    <property name="path.separator" value=":"/>
    <property name="java.vm.name" value="Java HotSpot(TM) 64-Bit Server VM"/>
    <property name="file.encoding.pkg" value="sun.io"/>
    <property name="user.country" value="FR"/>
    <property name="sun.java.launcher" value="SUN_STANDARD"/>
    <property name="sun.os.patch.level" value="unknown"/>
    <property name="surefire.reports" value="/home/insset/NetBeansProjects/ClculatorInsset/target/surefire-reports"/>
    <property name="java.vm.specification.name" value="Java Virtual Machine Specification"/>
    <property name="user.dir" value="/home/insset/NetBeansProjects/ClculatorInsset"/>
    <property name="java.runtime.version" value="1.8.0_271-b09"/>
    <property name="java.awt.graphicsenv" value="sun.awt.X11GraphicsEnvironment"/>
    <property name="java.endorsed.dirs" value="/usr/local/java/jdk1.8.0_271/jre/lib/endorsed"/>
    <property name="os.arch" value="amd64"/>
    <property name="java.io.tmpdir" value="/tmp"/>
    <property name="line.separator" value="
"/>
    <property name="java.vm.specification.vendor" value="Oracle Corporation"/>
    <property name="os.name" value="Linux"/>
    <property name="sun.jnu.encoding" value="UTF-8"/>
    <property name="java.library.path" value="/usr/local/java/jdk1.8.0_271/jre/lib/amd64:/usr/local/java/jdk1.8.0_271/jre/lib/i386::/usr/java/packages/lib/amd64:/usr/lib64:/lib64:/lib:/usr/lib"/>
    <property name="gwt.args" value="-war /home/insset/NetBeansProjects/ClculatorInsset/target/www-test -logLevel INFO -devMode -nocheckAssertions -XclusterFunctions -XcheckCasts -XclassMetadata -XcodeSplitting -nodraftCompile -XinlineLiteralParameters -XoptimizeDataflow -XordinalizeEnums -XremoveDuplicateFunctions -noshowUi -sourceLevel 1.7 -testBeginTimeout 1 -testMethodTimeout 5 -Xtries 1 -noincremental -precompile simple -runStyle HtmlUnit:FF17"/>
    <property name="java.specification.name" value="Java Platform API Specification"/>
    <property name="java.class.version" value="52.0"/>
    <property name="sun.management.compiler" value="HotSpot 64-Bit Tiered Compilers"/>
    <property name="os.version" value="5.4.0-131-generic"/>
    <property name="user.home" value="/home/insset"/>
    <property name="user.timezone" value="Europe/Paris"/>
    <property name="java.awt.printerjob" value="sun.print.PSPrinterJob"/>
    <property name="file.encoding" value="UTF-8"/>
    <property name="java.specification.version" value="1.8"/>
    <property name="user.name" value="insset"/>
    <property name="java.class.path" value="/home/insset/NetBeansProjects/ClculatorInsset/target/calculatorInsset-1.0-SNAPSHOT/WEB-INF/classes:/home/insset/NetBeansProjects/ClculatorInsset/src/main/java:/home/insset/NetBeansProjects/ClculatorInsset/target/generated-sources/annotations:/home/insset/NetBeansProjects/ClculatorInsset/src/test/java:/home/insset/NetBeansProjects/ClculatorInsset/target/generated-test-sources/test-annotations:/home/insset/NetBeansProjects/ClculatorInsset/src/test/resources:/home/insset/NetBeansProjects/ClculatorInsset/target/test-classes:/home/insset/.m2/repository/com/google/gwt/gwt-servlet/2.7.0/gwt-servlet-2.7.0.jar:/home/insset/.m2/repository/com/google/gwt/gwt-user/2.7.0/gwt-user-2.7.0.jar:/home/insset/.m2/repository/javax/validation/validation-api/1.0.0.GA/validation-api-1.0.0.GA.jar:/home/insset/.m2/repository/javax/validation/validation-api/1.0.0.GA/validation-api-1.0.0.GA-sources.jar:/home/insset/.m2/repository/com/google/gwt/gwt-dev/2.7.0/gwt-dev-2.7.0.jar:/home/insset/.m2/repository/org/ow2/asm/asm/5.0.3/asm-5.0.3.jar:/home/insset/.m2/repository/org/ow2/asm/asm-util/5.0.3/asm-util-5.0.3.jar:/home/insset/.m2/repository/org/ow2/asm/asm-tree/5.0.3/asm-tree-5.0.3.jar:/home/insset/.m2/repository/org/ow2/asm/asm-commons/5.0.3/asm-commons-5.0.3.jar:/home/insset/.m2/repository/junit/junit/4.12/junit-4.12.jar:/home/insset/.m2/repository/org/hamcrest/hamcrest-core/1.3/hamcrest-core-1.3.jar:/home/insset/.m2/repository/pl/pragmatists/JUnitParams/1.0.2/JUnitParams-1.0.2.jar:/home/insset/.m2/repository/com/google/gwt/gwt-user/2.7.0/gwt-user-2.7.0.jar:/home/insset/.m2/repository/javax/validation/validation-api/1.0.0.GA/validation-api-1.0.0.GA.jar:/home/insset/.m2/repository/javax/validation/validation-api/1.0.0.GA/validation-api-1.0.0.GA-sources.jar:/home/insset/.m2/repository/com/google/gwt/gwt-dev/2.7.0/gwt-dev-2.7.0.jar:/home/insset/.m2/repository/org/ow2/asm/asm/5.0.3/asm-5.0.3.jar:/home/insset/.m2/repository/org/ow2/asm/asm-util/5.0.3/asm-util-5.0.3.jar:/home/insset/.m2/repository/org/ow2/asm/asm-tree/5.0.3/asm-tree-5.0.3.jar:/home/insset/.m2/repository/org/ow2/asm/asm-commons/5.0.3/asm-commons-5.0.3.jar:/home/insset/.m2/repository/org/codehaus/mojo/gwt-maven-plugin/2.7.0/gwt-maven-plugin-2.7.0.jar:/home/insset/.m2/repository/org/apache/maven/surefire/surefire-api/2.4.3/surefire-api-2.4.3.jar"/>
    <property name="build.compiler" value="com.google.gwt.dev.shell.jetty.JettyLauncher$JDTCompiler16"/>
    <property name="java.vm.specification.version" value="1.8"/>
    <property name="sun.arch.data.model" value="64"/>
    <property name="java.home" value="/usr/local/java/jdk1.8.0_271/jre"/>
    <property name="sun.java.command" value="org.codehaus.mojo.gwt.test.MavenTestRunner org.insset.client.GwtTestcalculatorInsset"/>
    <property name="java.specification.vendor" value="Oracle Corporation"/>
    <property name="user.language" value="fr"/>
    <property name="awt.toolkit" value="sun.awt.X11.XToolkit"/>
    <property name="java.vm.info" value="mixed mode"/>
    <property name="org.eclipse.jetty.xml.XmlParser.Validating" value="false"/>
    <property name="java.version" value="1.8.0_271"/>
    <property name="java.ext.dirs" value="/usr/local/java/jdk1.8.0_271/jre/lib/ext:/usr/java/packages/lib/ext"/>
    <property name="sun.boot.class.path" value="/usr/local/java/jdk1.8.0_271/jre/lib/resources.jar:/usr/local/java/jdk1.8.0_271/jre/lib/rt.jar:/usr/local/java/jdk1.8.0_271/jre/lib/sunrsasign.jar:/usr/local/java/jdk1.8.0_271/jre/lib/jsse.jar:/usr/local/java/jdk1.8.0_271/jre/lib/jce.jar:/usr/local/java/jdk1.8.0_271/jre/lib/charsets.jar:/usr/local/java/jdk1.8.0_271/jre/lib/jfr.jar:/usr/local/java/jdk1.8.0_271/jre/classes"/>
    <property name="java.vendor" value="Oracle Corporation"/>
    <property name="file.separator" value="/"/>
    <property name="java.vendor.url.bug" value="http://bugreport.sun.com/bugreport/"/>
    <property name="sun.cpu.endian" value="little"/>
    <property name="sun.io.unicode.encoding" value="UnicodeLittle"/>
    <property name="sun.font.fontmanager" value="sun.awt.X11FontManager"/>
    <property name="sun.cpu.isalist" value=""/>
  </properties>
  <testcase classname="org.insset.client.GwtTestcalculatorInsset" name="testFieldVerifier" time="23.38"/>
  <testcase classname="org.insset.client.GwtTestcalculatorInsset" name="testExempleService" time="0.136"/>
</testsuite>